{
  "RSpec": {
    "coverage": {
      "/app/lib/piggly.rb": {
        "lines": [
          1,
          1,
          1,
          1,
          1,
          1,
          null,
          1,
          1,
          1,
          1,
          1,
          1,
          1,
          1,
          1,
          1,
          1,
          1,
          null
        ]
      },
      "/app/lib/piggly/parser.rb": {
        "lines": [
          1,
          null,
          null,
          null,
          null,
          1,
          null,
          1,
          1,
          null,
          1,
          null,
          1,
          null,
          1,
          8,
          7,
          null,
          null,
          null,
          7,
          7,
          7,
          null,
          null,
          7,
          null,
          null,
          null,
          null,
          1745,
          876,
          5,
          null,
          null,
          1,
          868,
          null,
          null,
          868,
          null,
          2,
          2,
          null,
          866,
          null,
          null,
          868,
          null,
          null,
          1,
          null,
          1,
          868,
          868,
          null,
          null,
          null,
          null,
          null
        ]
      },
      "/app/lib/piggly/parser/nodes.rb": {
        "lines": [
          1,
          null,
          1,
          1,
          null,
          null,
          null,
          null,
          null,
          1,
          null,
          1,
          279,
          null,
          null,
          null,
          null,
          null,
          null,
          null,
          null,
          1,
          24,
          24,
          24,
          null,
          0,
          24,
          null,
          null,
          null,
          1,
          31,
          null,
          null,
          1,
          0,
          null,
          null,
          null,
          88,
          216,
          1,
          1,
          7,
          127,
          7,
          1,
          955,
          1,
          1,
          926,
          15,
          15,
          729,
          511,
          1,
          1145,
          118,
          1,
          1,
          null,
          1,
          24,
          14,
          null,
          10,
          null,
          null,
          null,
          null,
          1,
          934,
          911,
          null,
          null,
          null,
          null,
          1,
          1,
          1,
          null,
          null,
          1,
          1,
          21,
          null,
          null,
          1,
          941,
          null,
          null,
          null,
          1,
          1,
          56,
          null,
          null,
          1,
          7,
          7,
          7,
          null,
          1,
          6,
          null,
          0,
          6,
          null,
          6,
          null,
          0,
          null,
          null,
          0,
          7,
          null,
          null,
          null,
          1,
          582,
          null,
          null,
          null,
          null,
          1,
          1,
          0,
          null,
          null,
          null,
          null,
          1,
          1,
          9,
          null,
          null,
          null,
          null,
          1,
          1,
          32,
          null,
          null,
          1,
          442,
          null,
          null,
          null,
          null,
          1,
          1,
          3,
          null,
          null,
          1,
          51,
          null,
          null,
          null,
          null,
          1,
          null,
          null,
          null,
          1,
          null,
          null,
          null,
          1,
          null,
          null,
          null,
          1,
          null,
          null,
          null,
          1,
          null,
          null,
          null,
          1,
          null,
          null,
          1,
          null,
          null,
          null,
          1,
          null,
          null,
          null,
          1,
          null,
          null,
          null,
          1,
          null,
          null,
          null,
          1,
          null,
          null,
          null,
          null,
          1,
          1,
          0,
          null,
          null,
          null,
          null,
          1,
          1,
          1,
          null,
          null,
          null,
          null,
          1,
          1,
          0,
          null,
          null,
          null,
          null,
          1,
          1,
          1,
          null,
          null,
          null,
          null,
          null,
          1,
          null,
          null,
          null,
          1,
          null,
          null,
          null,
          1,
          null,
          null,
          null,
          1,
          1,
          25,
          null,
          null,
          null,
          null,
          1,
          null,
          null,
          1,
          1,
          null,
          1,
          11,
          null,
          null,
          1,
          0,
          0,
          null,
          0,
          null,
          0,
          0,
          null,
          null,
          null,
          null,
          null,
          1,
          1,
          null,
          4007,
          null,
          null,
          1,
          2692,
          null,
          null,
          null,
          null,
          null,
          1,
          1,
          0,
          null,
          null,
          1,
          0,
          null,
          null,
          null,
          1,
          1,
          0,
          null,
          null,
          null,
          1,
          1,
          null,
          1,
          144,
          null,
          null,
          1,
          0,
          0,
          0,
          null,
          0,
          null,
          0,
          null,
          null,
          null,
          1,
          1,
          1,
          275,
          null,
          null,
          null,
          1,
          1,
          1,
          26,
          null,
          null,
          null,
          1,
          1,
          1,
          38,
          null,
          null,
          null,
          1,
          1,
          null,
          null,
          1,
          1,
          1,
          73,
          null,
          null,
          null,
          1,
          1,
          1,
          9,
          null,
          null,
          null,
          1,
          null,
          null,
          null,
          1,
          1,
          0,
          null,
          null,
          null,
          1,
          1,
          null,
          0,
          null,
          null,
          null,
          null,
          null,
          null
        ]
      },
      "/app/lib/piggly/parser/traversal.rb": {
        "lines": [
          1,
          1,
          null,
          null,
          null,
          null,
          null,
          1,
          1,
          7043,
          2184,
          38418,
          null,
          null,
          4859,
          null,
          null,
          null,
          1,
          6701,
          null,
          null,
          1,
          26,
          26,
          26,
          369,
          26,
          26,
          null,
          null,
          null,
          26,
          null,
          null,
          1,
          98,
          null,
          null,
          1,
          0,
          0,
          null,
          0,
          null,
          null,
          null,
          null,
          null,
          null
        ]
      },
      "/app/lib/piggly/util.rb": {
        "lines": [
          1,
          1,
          1,
          1,
          1,
          1,
          1,
          null,
          null
        ]
      },
      "/app/lib/piggly/util/file.rb": {
        "lines": [
          1,
          1,
          1,
          null,
          null,
          1,
          884,
          878,
          1760,
          null,
          6,
          null,
          null,
          null,
          null,
          null,
          null
        ]
      },
      "/app/lib/piggly/parser/parser.rb": {
        "lines": [
          null,
          null,
          null,
          null,
          null,
          1,
          1,
          null,
          1,
          18,
          null,
          null,
          1,
          1,
          0,
          null,
          null,
          null,
          null,
          1,
          4,
          4,
          0,
          0,
          0,
          0,
          null,
          0,
          null,
          null,
          4,
          4,
          4,
          1,
          null,
          3,
          null,
          4,
          4,
          4,
          4,
          4,
          4,
          2,
          2,
          null,
          2,
          2,
          null,
          4,
          2,
          null,
          2,
          null,
          4,
          4,
          4,
          4,
          1,
          null,
          3,
          null,
          4,
          null,
          null,
          null,
          4,
          4,
          4,
          null,
          0,
          0,
          null,
          null,
          4,
          null,
          4,
          null,
          null,
          1,
          1,
          0,
          null,
          null,
          1,
          0,
          null,
          null,
          null,
          1,
          1,
          0,
          null,
          null,
          1,
          0,
          null,
          null,
          1,
          0,
          null,
          null,
          1,
          0,
          null,
          null,
          1,
          0,
          null,
          null,
          1,
          0,
          null,
          null,
          1,
          0,
          null,
          null,
          1,
          0,
          null,
          null,
          null,
          null,
          1,
          1,
          0,
          null,
          null,
          1,
          0,
          null,
          null,
          1,
          0,
          null,
          null,
          1,
          0,
          null,
          null,
          1,
          0,
          null,
          null,
          1,
          0,
          null,
          null,
          null,
          null,
          1,
          28,
          28,
          0,
          0,
          0,
          0,
          null,
          0,
          null,
          null,
          28,
          28,
          28,
          28,
          28,
          0,
          0,
          0,
          0,
          0,
          0,
          0,
          0,
          null,
          0,
          null,
          null,
          0,
          0,
          0,
          0,
          0,
          0,
          0,
          0,
          0,
          0,
          0,
          0,
          0,
          0,
          0,
          0,
          0,
          null,
          0,
          null,
          null,
          0,
          0,
          0,
          0,
          0,
          0,
          null,
          0,
          null,
          0,
          0,
          0,
          0,
          0,
          0,
          0,
          0,
          0,
          0,
          0,
          null,
          0,
          0,
          0,
          null,
          0,
          0,
          null,
          0,
          0,
          null,
          0,
          null,
          0,
          0,
          0,
          0,
          0,
          null,
          0,
          null,
          0,
          null,
          null,
          null,
          null,
          null,
          null,
          null,
          null,
          null,
          null,
          28,
          0,
          0,
          null,
          28,
          28,
          null,
          28,
          0,
          0,
          null,
          28,
          28,
          28,
          32,
          32,
          4,
          null,
          28,
          null,
          null,
          28,
          28,
          28,
          28,
          28,
          28,
          4,
          4,
          4,
          4,
          4,
          4,
          4,
          4,
          12,
          12,
          8,
          null,
          4,
          null,
          null,
          4,
          4,
          4,
          4,
          4,
          1,
          null,
          3,
          null,
          4,
          4,
          4,
          4,
          4,
          4,
          4,
          0,
          null,
          4,
          null,
          4,
          null,
          null,
          null,
          null,
          null,
          null,
          null,
          28,
          4,
          4,
          null,
          24,
          24,
          null,
          28,
          4,
          4,
          null,
          24,
          24,
          null,
          null,
          null,
          28,
          null,
          28,
          null,
          null,
          1,
          1,
          0,
          null,
          null,
          null,
          null,
          1,
          1,
          0,
          null,
          null,
          1,
          0,
          null,
          null,
          null,
          1,
          24,
          24,
          0,
          0,
          0,
          0,
          null,
          0,
          null,
          null,
          24,
          24,
          24,
          24,
          24,
          24,
          0,
          0,
          0,
          null,
          0,
          0,
          null,
          0,
          null,
          24,
          0,
          0,
          null,
          24,
          24,
          null,
          24,
          0,
          0,
          null,
          24,
          24,
          5,
          5,
          null,
          19,
          19,
          0,
          0,
          null,
          19,
          19,
          0,
          0,
          null,
          19,
          19,
          0,
          0,
          null,
          19,
          19,
          0,
          0,
          null,
          19,
          19,
          1,
          1,
          null,
          18,
          18,
          0,
          0,
          null,
          18,
          18,
          0,
          0,
          null,
          18,
          18,
          0,
          0,
          null,
          18,
          18,
          3,
          3,
          null,
          15,
          15,
          1,
          1,
          null,
          14,
          14,
          0,
          0,
          null,
          14,
          14,
          2,
          2,
          null,
          12,
          12,
          0,
          0,
          null,
          12,
          12,
          4,
          4,
          null,
          8,
          8,
          null,
          null,
          null,
          null,
          null,
          null,
          null,
          null,
          null,
          null,
          null,
          null,
          null,
          null,
          null,
          null,
          24,
          24,
          16,
          16,
          13,
          null,
          3,
          null,
          16,
          null,
          24,
          16,
          16,
          null,
          8,
          8,
          null,
          null,
          24,
          null,
          24,
          null,
          null,
          1,
          1,
          0,
          null,
          null,
          1,
          0,
          null,
          null,
          1,
          0,
          null,
          null,
          null,
          null,
          1,
          24,
          24,
          0,
          0,
          0,
          0,
          null,
          0,
          null,
          null,
          24,
          24,
          24,
          24,
          6,
          6,
          5,
          null,
          1,
          null,
          6,
          6,
          6,
          6,
          6,
          5,
          5,
          1,
          null,
          4,
          null,
          5,
          5,
          5,
          5,
          5,
          5,
          5,
          5,
          null,
          0,
          0,
          null,
          5,
          null,
          null,
          null,
          null,
          null,
          24,
          5,
          5,
          null,
          19,
          19,
          null,
          null,
          24,
          null,
          24,
          null,
          null,
          1,
          1,
          0,
          null,
          null,
          1,
          0,
          null,
          null,
          1,
          0,
          null,
          null,
          1,
          0,
          null,
          null,
          1,
          0,
          null,
          null,
          1,
          0,
          null,
          null,
          1,
          0,
          null,
          null,
          null,
          null,
          1,
          1,
          0,
          null,
          null,
          1,
          0,
          null,
          null,
          1,
          0,
          null,
          null,
          1,
          0,
          null,
          null,
          1,
          0,
          null,
          null,
          1,
          0,
          null,
          null,
          1,
          0,
          null,
          null,
          1,
          0,
          null,
          null,
          null,
          null,
          1,
          19,
          19,
          0,
          0,
          0,
          0,
          null,
          0,
          null,
          null,
          19,
          19,
          19,
          19,
          19,
          0,
          0,
          0,
          0,
          0,
          0,
          0,
          0,
          null,
          0,
          null,
          null,
          0,
          0,
          0,
          null,
          0,
          null,
          0,
          0,
          0,
          0,
          0,
          null,
          0,
          null,
          0,
          0,
          0,
          0,
          0,
          0,
          0,
          0,
          0,
          0,
          0,
          0,
          0,
          0,
          null,
          0,
          null,
          0,
          0,
          0,
          0,
          0,
          null,
          0,
          0,
          null,
          0,
          null,
          null,
          null,
          null,
          null,
          null,
          null,
          null,
          19,
          0,
          0,
          null,
          19,
          19,
          null,
          19,
          0,
          0,
          null,
          19,
          19,
          19,
          19,
          0,
          0,
          0,
          0,
          0,
          0,
          0,
          0,
          0,
          0,
          0,
          null,
          0,
          null,
          null,
          0,
          0,
          0,
          null,
          0,
          null,
          0,
          0,
          0,
          0,
          0,
          null,
          0,
          null,
          0,
          0,
          0,
          0,
          0,
          0,
          0,
          0,
          0,
          0,
          0,
          0,
          0,
          0,
          null,
          0,
          null,
          0,
          0,
          0,
          0,
          0,
          null,
          0,
          0,
          null,
          0,
          null,
          null,
          null,
          null,
          null,
          null,
          null,
          null,
          null,
          19,
          0,
          0,
          null,
          19,
          19,
          null,
          19,
          0,
          0,
          null,
          19,
          19,
          null,
          null,
          null,
          19,
          null,
          19,
          null,
          null,
          1,
          1,
          0,
          null,
          null,
          1,
          0,
          null,
          null,
          1,
          0,
          null,
          null,
          1,
          0,
          null,
          null,
          1,
          0,
          null,
          null,
          1,
          0,
          null,
          null,
          1,
          0,
          null,
          null,
          1,
          0,
          null,
          null,
          1,
          0,
          null,
          null,
          1,
          0,
          null,
          null,
          1,
          0,
          null,
          null,
          1,
          0,
          null,
          null,
          null,
          null,
          1,
          19,
          19,
          0,
          0,
          0,
          0,
          null,
          0,
          null,
          null,
          19,
          19,
          19,
          19,
          0,
          0,
          0,
          null,
          0,
          null,
          0,
          0,
          0,
          0,
          0,
          0,
          0,
          0,
          0,
          0,
          0,
          0,
          0,
          0,
          0,
          0,
          0,
          0,
          0,
          0,
          0,
          0,
          null,
          0,
          null,
          null,
          0,
          0,
          0,
          0,
          0,
          0,
          null,
          0,
          null,
          0,
          0,
          0,
          0,
          0,
          0,
          0,
          0,
          0,
          0,
          0,
          0,
          0,
          0,
          null,
          0,
          null,
          0,
          0,
          0,
          0,
          0,
          null,
          0,
          0,
          null,
          0,
          null,
          null,
          null,
          null,
          null,
          null,
          null,
          null,
          null,
          null,
          null,
          null,
          null,
          19,
          0,
          0,
          null,
          19,
          19,
          null,
          null,
          19,
          null,
          19,
          null,
          null,
          1,
          1,
          0,
          null,
          null,
          1,
          0,
          null,
          null,
          1,
          0,
          null,
          null,
          1,
          0,
          null,
          null,
          1,
          0,
          null,
          null,
          1,
          0,
          null,
          null,
          1,
          0,
          null,
          null,
          1,
          0,
          null,
          null,
          1,
          0,
          null,
          null,
          null,
          1,
          1,
          0,
          null,
          null,
          1,
          0,
          null,
          null,
          1,
          0,
          null,
          null,
          1,
          0,
          null,
          null,
          null,
          1,
          0,
          0,
          0,
          0,
          0,
          0,
          null,
          0,
          null,
          null,
          0,
          0,
          0,
          0,
          0,
          0,
          0,
          0,
          null,
          0,
          null,
          0,
          0,
          0,
          0,
          0,
          0,
          0,
          0,
          0,
          0,
          0,
          0,
          0,
          0,
          0,
          0,
          0,
          0,
          0,
          0,
          0,
          0,
          null,
          0,
          null,
          null,
          0,
          0,
          0,
          0,
          0,
          0,
          null,
          0,
          null,
          0,
          null,
          null,
          null,
          null,
          null,
          null,
          null,
          null,
          0,
          0,
          0,
          null,
          0,
          0,
          null,
          0,
          0,
          0,
          null,
          0,
          0,
          0,
          0,
          0,
          0,
          0,
          0,
          0,
          0,
          0,
          0,
          0,
          0,
          0,
          null,
          0,
          null,
          null,
          0,
          0,
          null,
          null,
          null,
          0,
          0,
          0,
          null,
          0,
          0,
          null,
          0,
          0,
          0,
          null,
          0,
          0,
          null,
          null,
          null,
          0,
          null,
          0,
          null,
          null,
          1,
          1,
          0,
          null,
          null,
          1,
          0,
          null,
          null,
          null,
          1,
          1,
          0,
          null,
          null,
          1,
          0,
          null,
          null,
          1,
          0,
          null,
          null,
          1,
          0,
          null,
          null,
          1,
          0,
          null,
          null,
          1,
          0,
          null,
          null,
          1,
          0,
          null,
          null,
          1,
          0,
          null,
          null,
          1,
          0,
          null,
          null,
          1,
          0,
          null,
          null,
          1,
          0,
          null,
          null,
          null,
          1,
          1,
          0,
          null,
          null,
          1,
          0,
          null,
          null,
          1,
          0,
          null,
          null,
          1,
          0,
          null,
          null,
          1,
          0,
          null,
          null,
          1,
          0,
          null,
          null,
          1,
          0,
          null,
          null,
          1,
          0,
          null,
          null,
          1,
          0,
          null,
          null,
          null,
          1,
          19,
          19,
          0,
          0,
          0,
          0,
          null,
          0,
          null,
          null,
          19,
          19,
          19,
          19,
          19,
          0,
          0,
          0,
          0,
          0,
          0,
          0,
          0,
          0,
          0,
          0,
          0,
          0,
          0,
          0,
          0,
          0,
          null,
          0,
          null,
          null,
          0,
          0,
          0,
          0,
          0,
          0,
          0,
          0,
          0,
          0,
          0,
          0,
          0,
          0,
          0,
          0,
          0,
          0,
          0,
          0,
          0,
          null,
          0,
          0,
          0,
          null,
          0,
          0,
          null,
          0,
          0,
          null,
          0,
          null,
          0,
          0,
          0,
          0,
          0,
          null,
          0,
          null,
          0,
          0,
          0,
          0,
          0,
          null,
          0,
          0,
          null,
          0,
          0,
          0,
          0,
          null,
          null,
          null,
          null,
          null,
          null,
          null,
          null,
          null,
          null,
          null,
          null,
          null,
          19,
          0,
          0,
          null,
          19,
          19,
          null,
          19,
          0,
          0,
          null,
          19,
          19,
          19,
          19,
          0,
          0,
          0,
          0,
          0,
          0,
          0,
          0,
          0,
          0,
          0,
          null,
          0,
          null,
          null,
          0,
          0,
          0,
          0,
          0,
          0,
          0,
          0,
          0,
          0,
          0,
          0,
          0,
          0,
          0,
          0,
          0,
          0,
          null,
          0,
          null,
          0,
          0,
          0,
          0,
          0,
          null,
          0,
          0,
          null,
          0,
          0,
          0,
          0,
          null,
          null,
          null,
          null,
          null,
          null,
          null,
          null,
          null,
          null,
          19,
          0,
          0,
          null,
          19,
          19,
          null,
          19,
          0,
          0,
          null,
          19,
          19,
          null,
          null,
          null,
          19,
          null,
          19,
          null,
          null,
          1,
          1,
          0,
          null,
          null,
          1,
          0,
          null,
          null,
          null,
          1,
          1,
          0,
          null,
          null,
          1,
          0,
          null,
          null,
          1,
          0,
          null,
          null,
          1,
          0,
          null,
          null,
          1,
          0,
          null,
          null,
          1,
          0,
          null,
          null,
          1,
          0,
          null,
          null,
          1,
          0,
          null,
          null,
          1,
          0,
          null,
          null,
          1,
          0,
          null,
          null,
          1,
          0,
          null,
          null,
          1,
          0,
          null,
          null,
          1,
          0,
          null,
          null,
          null,
          null,
          1,
          1,
          0,
          null,
          null,
          1,
          0,
          null,
          null,
          1,
          0,
          null,
          null,
          1,
          0,
          null,
          null,
          1,
          0,
          null,
          null,
          1,
          0,
          null,
          null,
          1,
          0,
          null,
          null,
          1,
          0,
          null,
          null,
          1,
          0,
          null,
          null,
          1,
          0,
          null,
          null,
          1,
          0,
          null,
          null,
          null,
          null,
          1,
          19,
          19,
          0,
          0,
          0,
          0,
          null,
          0,
          null,
          null,
          19,
          19,
          19,
          19,
          19,
          0,
          0,
          0,
          0,
          0,
          0,
          0,
          0,
          0,
          null,
          0,
          null,
          0,
          0,
          0,
          0,
          0,
          0,
          0,
          0,
          0,
          0,
          0,
          0,
          0,
          0,
          0,
          0,
          0,
          0,
          0,
          0,
          0,
          0,
          null,
          0,
          null,
          null,
          0,
          0,
          0,
          0,
          0,
          0,
          0,
          0,
          0,
          0,
          0,
          0,
          0,
          0,
          0,
          0,
          0,
          0,
          null,
          0,
          0,
          0,
          null,
          0,
          0,
          null,
          0,
          0,
          null,
          0,
          null,
          0,
          0,
          0,
          0,
          0,
          null,
          0,
          null,
          0,
          0,
          0,
          0,
          0,
          null,
          0,
          0,
          null,
          0,
          null,
          null,
          null,
          null,
          null,
          null,
          null,
          null,
          null,
          null,
          null,
          null,
          null,
          null,
          null,
          19,
          0,
          0,
          null,
          19,
          19,
          null,
          19,
          0,
          0,
          null,
          19,
          19,
          19,
          19,
          0,
          0,
          0,
          null,
          0,
          null,
          0,
          0,
          0,
          0,
          0,
          0,
          0,
          0,
          0,
          0,
          0,
          0,
          0,
          0,
          0,
          0,
          0,
          0,
          0,
          0,
          0,
          0,
          null,
          0,
          null,
          null,
          0,
          0,
          0,
          0,
          0,
          0,
          0,
          0,
          0,
          0,
          0,
          0,
          0,
          0,
          0,
          null,
          0,
          null,
          0,
          0,
          0,
          0,
          0,
          null,
          0,
          0,
          null,
          0,
          null,
          null,
          null,
          null,
          null,
          null,
          null,
          null,
          null,
          null,
          null,
          null,
          19,
          0,
          0,
          null,
          19,
          19,
          null,
          19,
          0,
          0,
          null,
          19,
          19,
          null,
          null,
          null,
          19,
          null,
          19,
          null,
          null,
          1,
          1,
          0,
          null,
          null,
          1,
          0,
          null,
          null,
          1,
          0,
          null,
          null,
          1,
          0,
          null,
          null,
          null,
          1,
          1,
          0,
          null,
          null,
          1,
          0,
          null,
          null,
          null,
          1,
          1,
          0,
          null,
          null,
          1,
          0,
          null,
          null,
          1,
          0,
          null,
          null,
          1,
          0,
          null,
          null,
          1,
          0,
          null,
          null,
          1,
          0,
          null,
          null,
          1,
          0,
          null,
          null,
          1,
          0,
          null,
          null,
          1,
          0,
          null,
          null,
          1,
          0,
          null,
          null,
          1,
          0,
          null,
          null,
          1,
          0,
          null,
          null,
          1,
          0,
          null,
          null,
          1,
          0,
          null,
          null,
          1,
          0,
          null,
          null,
          1,
          0,
          null,
          null,
          1,
          0,
          null,
          null,
          1,
          0,
          null,
          null,
          1,
          0,
          null,
          null,
          1,
          0,
          null,
          null,
          null,
          1,
          1,
          0,
          null,
          null,
          1,
          0,
          null,
          null,
          1,
          0,
          null,
          null,
          1,
          0,
          null,
          null,
          null,
          1,
          1,
          0,
          null,
          null,
          1,
          0,
          null,
          null,
          1,
          0,
          null,
          null,
          1,
          0,
          null,
          null,
          1,
          0,
          null,
          null,
          1,
          0,
          null,
          null,
          1,
          0,
          null,
          null,
          1,
          0,
          null,
          null,
          1,
          0,
          null,
          null,
          1,
          0,
          null,
          null,
          1,
          0,
          null,
          null,
          1,
          0,
          null,
          null,
          1,
          0,
          null,
          null,
          1,
          0,
          null,
          null,
          1,
          0,
          null,
          null,
          1,
          0,
          null,
          null,
          1,
          0,
          null,
          null,
          1,
          0,
          null,
          null,
          null,
          1,
          18,
          18,
          0,
          0,
          0,
          0,
          null,
          0,
          null,
          null,
          18,
          18,
          18,
          18,
          18,
          0,
          0,
          0,
          0,
          0,
          0,
          0,
          0,
          0,
          0,
          0,
          0,
          0,
          0,
          0,
          0,
          0,
          0,
          0,
          0,
          0,
          0,
          0,
          0,
          0,
          0,
          0,
          null,
          null,
          null,
          0,
          0,
          0,
          null,
          0,
          0,
          null,
          0,
          0,
          null,
          0,
          null,
          0,
          0,
          0,
          0,
          0,
          0,
          0,
          0,
          0,
          0,
          0,
          0,
          0,
          0,
          0,
          0,
          0,
          0,
          0,
          0,
          0,
          0,
          0,
          0,
          0,
          0,
          0,
          0,
          0,
          0,
          0,
          null,
          0,
          null,
          null,
          0,
          0,
          0,
          0,
          0,
          0,
          0,
          0,
          0,
          0,
          0,
          0,
          0,
          0,
          0,
          0,
          0,
          0,
          0,
          0,
          0,
          null,
          0,
          0,
          0,
          null,
          0,
          0,
          null,
          0,
          0,
          null,
          0,
          null,
          0,
          0,
          0,
          0,
          0,
          null,
          0,
          null,
          0,
          0,
          0,
          0,
          0,
          null,
          0,
          0,
          null,
          0,
          0,
          0,
          0,
          null,
          null,
          null,
          null,
          null,
          null,
          null,
          null,
          null,
          null,
          null,
          null,
          null,
          null,
          null,
          null,
          null,
          null,
          null,
          null,
          null,
          null,
          null,
          18,
          0,
          0,
          null,
          18,
          18,
          null,
          18,
          0,
          0,
          null,
          18,
          18,
          18,
          18,
          0,
          0,
          0,
          0,
          0,
          0,
          0,
          0,
          0,
          0,
          0,
          0,
          0,
          0,
          0,
          0,
          0,
          0,
          0,
          0,
          0,
          null,
          null,
          null,
          0,
          0,
          0,
          null,
          0,
          0,
          null,
          0,
          0,
          null,
          0,
          null,
          0,
          0,
          0,
          0,
          0,
          0,
          0,
          0,
          0,
          0,
          0,
          0,
          0,
          0,
          0,
          0,
          0,
          0,
          0,
          0,
          0,
          0,
          0,
          0,
          0,
          0,
          0,
          0,
          0,
          0,
          0,
          null,
          0,
          null,
          null,
          0,
          0,
          0,
          0,
          0,
          0,
          0,
          0,
          0,
          0,
          0,
          0,
          0,
          0,
          0,
          0,
          0,
          0,
          null,
          0,
          null,
          0,
          0,
          0,
          0,
          0,
          null,
          0,
          0,
          null,
          0,
          0,
          0,
          0,
          null,
          null,
          null,
          null,
          null,
          null,
          null,
          null,
          null,
          null,
          null,
          null,
          null,
          null,
          null,
          null,
          null,
          null,
          null,
          null,
          18,
          0,
          0,
          null,
          18,
          18,
          null,
          18,
          0,
          0,
          null,
          18,
          18,
          null,
          null,
          null,
          18,
          null,
          18,
          null,
          null,
          1,
          1,
          0,
          null,
          null,
          1,
          0,
          null,
          null,
          null,
          1,
          1,
          0,
          null,
          null,
          1,
          0,
          null,
          null,
          1,
          0,
          null,
          null,
          1,
          0,
          null,
          null,
          1,
          0,
          null,
          null,
          1,
          0,
          null,
          null,
          1,
          0,
          null,
          null,
          1,
          0,
          null,
          null,
          1,
          0,
          null,
          null,
          1,
          0,
          null,
          null,
          1,
          0,
          null,
          null,
          1,
          0,
          null,
          null,
          1,
          0,
          null,
          null,
          1,
          0,
          null,
          null,
          1,
          0,
          null,
          null,
          1,
          0,
          null,
          null,
          1,
          0,
          null,
          null,
          1,
          0,
          null,
          null,
          null,
          1,
          1,
          0,
          null,
          null,
          1,
          0,
          null,
          null,
          1,
          0,
          null,
          null,
          1,
          0,
          null,
          null,
          1,
          0,
          null,
          null,
          1,
          0,
          null,
          null,
          1,
          14,
          null,
          null,
          1,
          0,
          null,
          null,
          1,
          0,
          null,
          null,
          1,
          0,
          null,
          null,
          1,
          0,
          null,
          null,
          1,
          0,
          null,
          null,
          1,
          0,
          null,
          null,
          1,
          0,
          null,
          null,
          1,
          0,
          null,
          null,
          1,
          0,
          null,
          null,
          null,
          1,
          21,
          21,
          0,
          0,
          0,
          0,
          null,
          0,
          null,
          null,
          21,
          21,
          21,
          21,
          21,
          0,
          0,
          0,
          0,
          0,
          0,
          0,
          0,
          0,
          0,
          0,
          0,
          0,
          0,
          0,
          0,
          0,
          0,
          0,
          0,
          0,
          0,
          0,
          0,
          0,
          0,
          null,
          0,
          0,
          0,
          0,
          null,
          0,
          0,
          null,
          null,
          0,
          0,
          0,
          0,
          0,
          0,
          0,
          0,
          0,
          0,
          0,
          0,
          0,
          0,
          0,
          0,
          null,
          0,
          null,
          null,
          0,
          0,
          0,
          0,
          0,
          0,
          0,
          0,
          0,
          0,
          0,
          0,
          0,
          0,
          0,
          0,
          0,
          0,
          0,
          0,
          0,
          null,
          0,
          0,
          0,
          null,
          0,
          0,
          null,
          0,
          0,
          null,
          0,
          null,
          0,
          0,
          0,
          0,
          0,
          null,
          0,
          null,
          0,
          0,
          0,
          0,
          0,
          null,
          0,
          0,
          null,
          0,
          0,
          0,
          0,
          null,
          null,
          null,
          null,
          null,
          null,
          null,
          null,
          null,
          null,
          null,
          null,
          null,
          null,
          null,
          null,
          null,
          null,
          null,
          null,
          21,
          0,
          0,
          null,
          21,
          21,
          null,
          21,
          0,
          0,
          null,
          21,
          21,
          21,
          21,
          3,
          3,
          3,
          3,
          3,
          3,
          3,
          3,
          3,
          3,
          3,
          3,
          3,
          3,
          3,
          3,
          3,
          3,
          3,
          3,
          null,
          0,
          0,
          0,
          0,
          null,
          0,
          0,
          null,
          null,
          3,
          3,
          3,
          3,
          3,
          3,
          3,
          3,
          3,
          3,
          3,
          3,
          3,
          3,
          3,
          0,
          null,
          3,
          null,
          null,
          3,
          3,
          3,
          3,
          3,
          3,
          3,
          3,
          3,
          3,
          3,
          3,
          3,
          3,
          3,
          3,
          3,
          0,
          null,
          3,
          null,
          3,
          3,
          3,
          3,
          3,
          null,
          0,
          0,
          null,
          3,
          3,
          3,
          3,
          null,
          null,
          null,
          null,
          null,
          null,
          null,
          null,
          null,
          null,
          null,
          null,
          null,
          null,
          null,
          null,
          null,
          21,
          3,
          3,
          null,
          18,
          18,
          null,
          21,
          3,
          3,
          null,
          18,
          18,
          null,
          null,
          null,
          21,
          null,
          21,
          null,
          null,
          1,
          1,
          0,
          null,
          null,
          1,
          0,
          null,
          null,
          1,
          0,
          null,
          null,
          null,
          1,
          3,
          3,
          0,
          0,
          0,
          0,
          null,
          0,
          null,
          null,
          3,
          3,
          3,
          3,
          3,
          3,
          3,
          3,
          3,
          null,
          null,
          3,
          3,
          3,
          null,
          0,
          0,
          null,
          null,
          3,
          null,
          3,
          null,
          null,
          1,
          1,
          0,
          null,
          null,
          1,
          0,
          null,
          null,
          null,
          1,
          1,
          0,
          null,
          null,
          null,
          null,
          1,
          1,
          0,
          null,
          null,
          1,
          0,
          null,
          null,
          null,
          null,
          1,
          1,
          0,
          null,
          null,
          1,
          0,
          null,
          null,
          null,
          1,
          1,
          0,
          null,
          null,
          null,
          null,
          1,
          1,
          0,
          null,
          null,
          1,
          0,
          null,
          null,
          1,
          0,
          null,
          null,
          1,
          0,
          null,
          null,
          1,
          0,
          null,
          null,
          1,
          0,
          null,
          null,
          null,
          null,
          1,
          18,
          18,
          0,
          0,
          0,
          0,
          null,
          0,
          null,
          null,
          18,
          18,
          18,
          18,
          18,
          18,
          18,
          18,
          18,
          0,
          0,
          0,
          0,
          0,
          0,
          null,
          0,
          0,
          0,
          null,
          0,
          0,
          null,
          0,
          0,
          null,
          0,
          null,
          0,
          null,
          18,
          0,
          0,
          null,
          18,
          18,
          null,
          18,
          18,
          0,
          0,
          0,
          null,
          0,
          null,
          0,
          0,
          0,
          0,
          0,
          null,
          0,
          0,
          null,
          0,
          null,
          null,
          null,
          18,
          0,
          0,
          null,
          18,
          18,
          null,
          18,
          0,
          0,
          null,
          18,
          18,
          18,
          18,
          18,
          0,
          0,
          0,
          0,
          0,
          0,
          null,
          0,
          0,
          0,
          null,
          0,
          0,
          null,
          0,
          0,
          null,
          0,
          null,
          0,
          null,
          18,
          0,
          0,
          null,
          18,
          18,
          null,
          18,
          18,
          0,
          0,
          0,
          0,
          0,
          0,
          0,
          0,
          0,
          0,
          0,
          0,
          0,
          0,
          0,
          0,
          0,
          0,
          null,
          0,
          0,
          null,
          0,
          null,
          null,
          null,
          null,
          null,
          null,
          18,
          0,
          0,
          null,
          18,
          18,
          null,
          18,
          0,
          0,
          null,
          18,
          18,
          null,
          null,
          null,
          18,
          null,
          18,
          null,
          null,
          1,
          1,
          0,
          null,
          null,
          1,
          0,
          null,
          null,
          null,
          1,
          1,
          0,
          null,
          null,
          null,
          null,
          1,
          1,
          0,
          null,
          null,
          1,
          0,
          null,
          null,
          null,
          null,
          1,
          1,
          0,
          null,
          null,
          1,
          0,
          null,
          null,
          null,
          1,
          1,
          0,
          null,
          null,
          null,
          null,
          1,
          1,
          0,
          null,
          null,
          1,
          0,
          null,
          null,
          1,
          0,
          null,
          null,
          1,
          0,
          null,
          null,
          1,
          0,
          null,
          null,
          1,
          0,
          null,
          null,
          null,
          null,
          1,
          18,
          18,
          0,
          0,
          0,
          0,
          null,
          0,
          null,
          null,
          18,
          18,
          18,
          18,
          18,
          18,
          18,
          18,
          18,
          0,
          0,
          0,
          0,
          0,
          0,
          null,
          0,
          0,
          0,
          null,
          0,
          0,
          null,
          0,
          0,
          null,
          0,
          null,
          0,
          null,
          18,
          0,
          0,
          null,
          18,
          18,
          null,
          18,
          18,
          0,
          0,
          0,
          null,
          0,
          null,
          0,
          0,
          0,
          0,
          0,
          null,
          0,
          0,
          null,
          0,
          null,
          null,
          null,
          18,
          0,
          0,
          null,
          18,
          18,
          null,
          18,
          0,
          0,
          null,
          18,
          18,
          18,
          18,
          18,
          0,
          0,
          0,
          0,
          0,
          0,
          null,
          0,
          0,
          0,
          null,
          0,
          0,
          null,
          0,
          0,
          null,
          0,
          null,
          0,
          null,
          18,
          0,
          0,
          null,
          18,
          18,
          null,
          18,
          18,
          0,
          0,
          0,
          0,
          0,
          0,
          0,
          0,
          0,
          0,
          0,
          0,
          0,
          0,
          0,
          0,
          0,
          0,
          null,
          0,
          0,
          null,
          0,
          null,
          null,
          null,
          null,
          null,
          null,
          18,
          0,
          0,
          null,
          18,
          18,
          null,
          18,
          0,
          0,
          null,
          18,
          18,
          null,
          null,
          null,
          18,
          null,
          18,
          null,
          null,
          1,
          null,
          null,
          1,
          1,
          0,
          null,
          null,
          1,
          0,
          null,
          null,
          1,
          0,
          null,
          null,
          1,
          0,
          null,
          null,
          null,
          null,
          1,
          1,
          0,
          null,
          null,
          1,
          0,
          null,
          null,
          1,
          0,
          null,
          null,
          1,
          0,
          null,
          null,
          null,
          1,
          1,
          0,
          null,
          null,
          null,
          null,
          1,
          1,
          0,
          null,
          null,
          1,
          0,
          null,
          null,
          null,
          null,
          1,
          18,
          18,
          0,
          0,
          0,
          0,
          null,
          0,
          null,
          null,
          18,
          18,
          18,
          18,
          18,
          18,
          18,
          18,
          3,
          3,
          3,
          3,
          3,
          null,
          0,
          null,
          3,
          3,
          3,
          3,
          0,
          0,
          null,
          3,
          3,
          null,
          3,
          0,
          0,
          null,
          3,
          3,
          null,
          3,
          null,
          3,
          0,
          0,
          null,
          3,
          3,
          null,
          3,
          0,
          0,
          null,
          3,
          3,
          3,
          3,
          3,
          3,
          3,
          0,
          0,
          0,
          0,
          0,
          0,
          0,
          0,
          0,
          null,
          0,
          null,
          0,
          null,
          null,
          null,
          null,
          3,
          0,
          0,
          null,
          3,
          3,
          null,
          3,
          0,
          0,
          null,
          3,
          3,
          3,
          3,
          3,
          3,
          3,
          0,
          0,
          0,
          0,
          0,
          null,
          null,
          null,
          3,
          0,
          0,
          null,
          3,
          3,
          null,
          3,
          0,
          0,
          null,
          3,
          3,
          3,
          3,
          null,
          0,
          0,
          null,
          null,
          null,
          null,
          3,
          null,
          18,
          3,
          3,
          null,
          15,
          15,
          null,
          18,
          18,
          3,
          3,
          3,
          null,
          0,
          0,
          null,
          3,
          null,
          null,
          18,
          3,
          3,
          null,
          15,
          15,
          null,
          null,
          18,
          null,
          18,
          null,
          null,
          1,
          1,
          0,
          null,
          null,
          1,
          0,
          null,
          null,
          null,
          1,
          1,
          0,
          null,
          null,
          1,
          0,
          null,
          null,
          1,
          0,
          null,
          null,
          null,
          null,
          1,
          1,
          0,
          null,
          null,
          1,
          0,
          null,
          null,
          null,
          null,
          1,
          1,
          0,
          null,
          null,
          1,
          0,
          null,
          null,
          null,
          1,
          1,
          0,
          null,
          null,
          1,
          0,
          null,
          null,
          null,
          null,
          1,
          15,
          15,
          0,
          0,
          0,
          0,
          null,
          0,
          null,
          null,
          15,
          15,
          15,
          15,
          15,
          1,
          1,
          1,
          1,
          1,
          1,
          0,
          0,
          null,
          1,
          1,
          1,
          1,
          null,
          0,
          0,
          0,
          0,
          null,
          0,
          0,
          0,
          0,
          null,
          0,
          0,
          0,
          0,
          null,
          0,
          0,
          null,
          null,
          null,
          null,
          null,
          1,
          1,
          1,
          1,
          1,
          1,
          1,
          1,
          null,
          1,
          1,
          1,
          null,
          0,
          0,
          null,
          1,
          1,
          null,
          0,
          null,
          1,
          1,
          1,
          1,
          1,
          null,
          0,
          0,
          null,
          1,
          null,
          null,
          null,
          null,
          15,
          1,
          1,
          null,
          14,
          14,
          null,
          15,
          1,
          1,
          null,
          14,
          14,
          14,
          14,
          14,
          14,
          14,
          14,
          0,
          0,
          0,
          0,
          0,
          0,
          0,
          0,
          0,
          0,
          null,
          0,
          null,
          0,
          null,
          null,
          0,
          0,
          0,
          null,
          0,
          0,
          null,
          0,
          0,
          null,
          0,
          null,
          0,
          0,
          0,
          0,
          null,
          null,
          14,
          0,
          0,
          null,
          14,
          14,
          null,
          14,
          14,
          0,
          0,
          0,
          null,
          0,
          0,
          null,
          0,
          null,
          null,
          14,
          0,
          0,
          null,
          14,
          14,
          null,
          14,
          0,
          0,
          null,
          14,
          14,
          null,
          null,
          null,
          15,
          null,
          15,
          null,
          null,
          1,
          1,
          0,
          null,
          null,
          1,
          0,
          null,
          null,
          1,
          0,
          null,
          null,
          1,
          0,
          null,
          null,
          1,
          0,
          null,
          null,
          null,
          null,
          1,
          1,
          0,
          null,
          null,
          1,
          0,
          null,
          null,
          1,
          0,
          null,
          null,
          1,
          0,
          null,
          null,
          null,
          null,
          1,
          14,
          14,
          0,
          0,
          0,
          0,
          null,
          0,
          null,
          null,
          14,
          14,
          14,
          14,
          14,
          0,
          0,
          0,
          0,
          0,
          0,
          0,
          0,
          0,
          0,
          0,
          0,
          null,
          0,
          0,
          null,
          0,
          0,
          0,
          0,
          0,
          null,
          0,
          null,
          0,
          0,
          0,
          0,
          0,
          0,
          0,
          0,
          null,
          0,
          0,
          null,
          0,
          null,
          null,
          null,
          null,
          null,
          null,
          null,
          14,
          0,
          0,
          null,
          14,
          14,
          null,
          14,
          0,
          0,
          null,
          14,
          14,
          14,
          14,
          0,
          0,
          0,
          0,
          0,
          0,
          0,
          0,
          0,
          0,
          0,
          0,
          null,
          0,
          0,
          null,
          0,
          null,
          null,
          null,
          null,
          14,
          0,
          0,
          null,
          14,
          14,
          null,
          14,
          0,
          0,
          null,
          14,
          14,
          null,
          null,
          null,
          14,
          null,
          14,
          null,
          null,
          1,
          1,
          0,
          null,
          null,
          1,
          0,
          null,
          null,
          null,
          null,
          1,
          14,
          14,
          0,
          0,
          0,
          0,
          null,
          0,
          null,
          null,
          14,
          14,
          14,
          14,
          2,
          2,
          2,
          null,
          0,
          null,
          2,
          2,
          2,
          2,
          2,
          2,
          2,
          2,
          null,
          0,
          0,
          null,
          2,
          null,
          null,
          null,
          14,
          2,
          2,
          null,
          12,
          12,
          null,
          null,
          14,
          null,
          14,
          null,
          null,
          1,
          1,
          0,
          null,
          null,
          null,
          1,
          1,
          0,
          null,
          null,
          1,
          0,
          null,
          null,
          1,
          0,
          null,
          null,
          1,
          0,
          null,
          null,
          1,
          0,
          null,
          null,
          null,
          null,
          1,
          12,
          12,
          0,
          0,
          0,
          0,
          null,
          0,
          null,
          null,
          12,
          12,
          12,
          12,
          4,
          4,
          4,
          4,
          4,
          4,
          4,
          2,
          2,
          null,
          2,
          2,
          0,
          0,
          null,
          2,
          2,
          null,
          null,
          4,
          4,
          2,
          2,
          null,
          4,
          2,
          2,
          null,
          2,
          2,
          null,
          4,
          2,
          null,
          2,
          null,
          4,
          4,
          4,
          4,
          4,
          4,
          4,
          4,
          4,
          4,
          4,
          4,
          4,
          4,
          null,
          0,
          0,
          null,
          4,
          null,
          null,
          null,
          null,
          null,
          null,
          12,
          4,
          4,
          null,
          8,
          8,
          null,
          null,
          12,
          null,
          12,
          null,
          null,
          1,
          1,
          0,
          null,
          null,
          null,
          null,
          1,
          12,
          12,
          0,
          0,
          0,
          0,
          null,
          0,
          null,
          null,
          12,
          12,
          12,
          12,
          0,
          0,
          0,
          null,
          0,
          null,
          0,
          0,
          0,
          0,
          0,
          null,
          0,
          0,
          null,
          0,
          null,
          null,
          12,
          0,
          0,
          null,
          12,
          12,
          null,
          null,
          12,
          null,
          12,
          null,
          null,
          1,
          1,
          0,
          null,
          null,
          1,
          0,
          null,
          null,
          null,
          null,
          1,
          37,
          37,
          0,
          0,
          0,
          0,
          null,
          0,
          null,
          null,
          37,
          37,
          37,
          37,
          9,
          9,
          9,
          9,
          9,
          20,
          20,
          11,
          null,
          9,
          null,
          null,
          9,
          9,
          null,
          null,
          37,
          9,
          9,
          null,
          28,
          28,
          null,
          null,
          37,
          null,
          37,
          null,
          null,
          1,
          20,
          20,
          0,
          0,
          0,
          0,
          null,
          0,
          null,
          null,
          20,
          20,
          20,
          11,
          11,
          null,
          9,
          9,
          0,
          0,
          null,
          9,
          9,
          null,
          null,
          null,
          20,
          null,
          20,
          null,
          null,
          1,
          1,
          0,
          null,
          null,
          1,
          0,
          null,
          null,
          null,
          1,
          1,
          0,
          null,
          null,
          1,
          0,
          null,
          null,
          1,
          0,
          null,
          null,
          null,
          1,
          1,
          0,
          null,
          null,
          1,
          0,
          null,
          null,
          1,
          0,
          null,
          null,
          1,
          0,
          null,
          null,
          null,
          1,
          1,
          0,
          null,
          null,
          null,
          1,
          1,
          0,
          null,
          null,
          1,
          0,
          null,
          null,
          1,
          0,
          null,
          null,
          null,
          null,
          1,
          20,
          20,
          0,
          0,
          0,
          0,
          null,
          0,
          null,
          null,
          20,
          20,
          20,
          20,
          11,
          11,
          11,
          11,
          11,
          11,
          11,
          0,
          0,
          null,
          11,
          0,
          0,
          null,
          11,
          11,
          null,
          11,
          0,
          null,
          11,
          null,
          11,
          11,
          11,
          11,
          11,
          11,
          11,
          11,
          11,
          5,
          5,
          5,
          0,
          0,
          null,
          null,
          11,
          0,
          0,
          null,
          11,
          11,
          null,
          11,
          0,
          null,
          11,
          null,
          11,
          11,
          11,
          11,
          11,
          11,
          5,
          5,
          5,
          0,
          0,
          0,
          0,
          0,
          null,
          null,
          null,
          11,
          0,
          0,
          null,
          11,
          11,
          null,
          11,
          0,
          null,
          11,
          null,
          11,
          11,
          11,
          11,
          11,
          5,
          null,
          6,
          null,
          11,
          11,
          11,
          11,
          11,
          6,
          6,
          null,
          5,
          5,
          0,
          0,
          null,
          5,
          5,
          null,
          null,
          11,
          11,
          6,
          6,
          2,
          null,
          4,
          null,
          6,
          6,
          6,
          6,
          null,
          null,
          null,
          11,
          6,
          6,
          null,
          5,
          5,
          null,
          11,
          6,
          null,
          5,
          null,
          11,
          11,
          11,
          11,
          0,
          null,
          11,
          null,
          11,
          11,
          11,
          11,
          11,
          null,
          0,
          0,
          null,
          11,
          11,
          11,
          11,
          10,
          null,
          1,
          null,
          11,
          null,
          null,
          null,
          null,
          null,
          null,
          null,
          null,
          null,
          20,
          11,
          11,
          null,
          9,
          9,
          null,
          null,
          20,
          null,
          20,
          null,
          null,
          1,
          1,
          0,
          null,
          null,
          1,
          0,
          null,
          null,
          null,
          1,
          1,
          0,
          null,
          null,
          1,
          0,
          null,
          null,
          null,
          1,
          1,
          0,
          null,
          null,
          1,
          0,
          null,
          null,
          1,
          0,
          null,
          null,
          1,
          0,
          null,
          null,
          1,
          0,
          null,
          null,
          null,
          null,
          1,
          9,
          9,
          0,
          0,
          0,
          0,
          null,
          0,
          null,
          null,
          9,
          9,
          9,
          9,
          0,
          0,
          0,
          0,
          0,
          0,
          0,
          0,
          0,
          0,
          null,
          0,
          0,
          0,
          null,
          0,
          0,
          null,
          0,
          0,
          null,
          0,
          null,
          0,
          0,
          0,
          0,
          0,
          0,
          0,
          null,
          null,
          0,
          0,
          0,
          null,
          0,
          0,
          null,
          0,
          0,
          null,
          0,
          null,
          0,
          0,
          0,
          0,
          0,
          0,
          0,
          0,
          0,
          0,
          0,
          0,
          0,
          0,
          null,
          0,
          null,
          0,
          0,
          0,
          0,
          0,
          null,
          0,
          0,
          null,
          0,
          0,
          0,
          0,
          0,
          null,
          0,
          null,
          0,
          null,
          null,
          null,
          null,
          null,
          null,
          null,
          null,
          9,
          0,
          0,
          null,
          9,
          9,
          null,
          null,
          9,
          null,
          9,
          null,
          null,
          1,
          1,
          0,
          null,
          null,
          null,
          1,
          1,
          0,
          null,
          null,
          null,
          null,
          1,
          3,
          3,
          0,
          0,
          0,
          0,
          null,
          0,
          null,
          null,
          3,
          3,
          3,
          3,
          3,
          3,
          3,
          3,
          3,
          3,
          null,
          0,
          null,
          3,
          3,
          3,
          0,
          0,
          null,
          3,
          3,
          null,
          3,
          3,
          0,
          0,
          0,
          null,
          0,
          null,
          0,
          0,
          0,
          0,
          null,
          null,
          null,
          3,
          0,
          0,
          null,
          3,
          3,
          null,
          3,
          0,
          null,
          3,
          null,
          null,
          3,
          3,
          null,
          3,
          3,
          3,
          null,
          0,
          0,
          null,
          null,
          3,
          null,
          3,
          null,
          null,
          1,
          1,
          0,
          null,
          null,
          1,
          0,
          null,
          null,
          1,
          0,
          null,
          null,
          null,
          1,
          4,
          4,
          0,
          0,
          0,
          0,
          null,
          0,
          null,
          null,
          4,
          4,
          4,
          4,
          1,
          1,
          1,
          1,
          1,
          2,
          2,
          1,
          null,
          1,
          null,
          null,
          1,
          1,
          null,
          null,
          4,
          1,
          1,
          null,
          3,
          3,
          null,
          null,
          4,
          null,
          4,
          null,
          null,
          1,
          1,
          0,
          null,
          null,
          1,
          0,
          null,
          null,
          1,
          0,
          null,
          null,
          1,
          0,
          null,
          null,
          1,
          0,
          null,
          null,
          1,
          0,
          null,
          null,
          1,
          1,
          null,
          null,
          null,
          1,
          2,
          2,
          0,
          0,
          0,
          0,
          null,
          0,
          null,
          null,
          2,
          2,
          2,
          2,
          1,
          1,
          1,
          1,
          1,
          1,
          1,
          1,
          1,
          1,
          1,
          1,
          1,
          1,
          1,
          1,
          1,
          2,
          2,
          1,
          null,
          1,
          null,
          null,
          1,
          1,
          null,
          null,
          null,
          null,
          null,
          null,
          2,
          1,
          1,
          null,
          1,
          1,
          null,
          null,
          2,
          null,
          2,
          null,
          null,
          1,
          1,
          0,
          null,
          null,
          1,
          0,
          null,
          null,
          1,
          0,
          null,
          null,
          1,
          0,
          null,
          null,
          1,
          0,
          null,
          null,
          1,
          0,
          null,
          null,
          1,
          0,
          null,
          null,
          null,
          1,
          0,
          0,
          0,
          0,
          0,
          0,
          null,
          0,
          null,
          null,
          0,
          0,
          0,
          0,
          0,
          0,
          0,
          0,
          0,
          0,
          0,
          0,
          0,
          0,
          0,
          0,
          0,
          0,
          0,
          0,
          0,
          0,
          0,
          0,
          null,
          0,
          null,
          null,
          0,
          0,
          null,
          null,
          null,
          null,
          null,
          null,
          0,
          0,
          0,
          null,
          0,
          0,
          null,
          null,
          0,
          null,
          0,
          null,
          null,
          1,
          1,
          0,
          null,
          null,
          1,
          0,
          null,
          null,
          1,
          0,
          null,
          null,
          1,
          0,
          null,
          null,
          1,
          0,
          null,
          null,
          1,
          0,
          null,
          null,
          1,
          0,
          null,
          null,
          1,
          0,
          null,
          null,
          null,
          1,
          0,
          0,
          0,
          0,
          0,
          0,
          null,
          0,
          null,
          null,
          0,
          0,
          0,
          0,
          0,
          0,
          0,
          0,
          0,
          0,
          0,
          0,
          0,
          0,
          0,
          0,
          0,
          0,
          0,
          0,
          0,
          0,
          0,
          0,
          0,
          0,
          0,
[...]
          2,
          2,
          null,
          172,
          null,
          null,
          174,
          92,
          92,
          90,
          null,
          2,
          null,
          null,
          82,
          null,
          null,
          null,
          1,
          261,
          254,
          null,
          null,
          1,
          209,
          null,
          null,
          1,
          1,
          null,
          null,
          1,
          2,
          null,
          null,
          1,
          31,
          11,
          null,
          20,
          null,
          null,
          null,
          1,
          106,
          2,
          null,
          104,
          null,
          null,
          null,
          1,
          2,
          null,
          null,
          1,
          null,
          1,
          31,
          2,
          null,
          null,
          null,
          null,
          null,
          null,
          null,
          null,
          29,
          0,
          1,
          0,
          3,
          0,
          1,
          1,
          1,
          0,
          9,
          1,
          1,
          1,
          1,
          0,
          0,
          9,
          null,
          null,
          null,
          1,
          107,
          1,
          1,
          1,
          1,
          6,
          4,
          1,
          92,
          null,
          null,
          null,
          null,
          null,
          null
        ]
      },
      "/app/lib/piggly/installer.rb": {
        "lines": [
          1,
          null,
          1,
          1,
          20,
          null,
          null,
          null,
          1,
          4,
          null,
          4,
          null,
          4,
          null,
          4,
          null,
          0,
          null,
          null,
          null,
          4,
          null,
          0,
          0,
          null,
          null,
          null,
          1,
          3,
          null,
          6,
          3,
          null,
          3,
          null,
          0,
          0,
          null,
          null,
          null,
          1,
          null,
          5,
          5,
          null,
          null,
          null,
          null,
          5,
          null,
          5,
          null,
          0,
          0,
          0,
          null,
          null,
          null,
          1,
          4,
          null,
          null,
          null,
          1,
          21,
          null,
          null,
          null,
          null,
          null,
          null,
          21,
          null,
          null,
          null,
          null,
          null,
          null,
          null,
          null,
          null,
          null,
          null,
          null,
          null,
          21,
          null,
          null,
          null,
          null,
          null,
          null,
          null,
          null,
          21,
          null,
          null,
          null,
          null,
          null,
          null,
          null,
          null,
          null,
          21,
          null,
          null,
          null,
          null,
          null,
          null,
          null,
          null,
          null,
          21,
          null,
          null,
          null,
          null,
          null,
          null,
          null,
          null,
          null,
          null,
          1,
          51,
          21,
          21,
          21,
          21,
          21,
          null,
          null,
          null,
          null
        ]
      },
      "/app/lib/piggly/profile.rb": {
        "lines": [
          1,
          null,
          null,
          null,
          null,
          1,
          null,
          1,
          40,
          40,
          40,
          null,
          null,
          null,
          1,
          72,
          16,
          16,
          null,
          null,
          1,
          10,
          null,
          8,
          null,
          null,
          null,
          2,
          null,
          null,
          null,
          null,
          null,
          1,
          2,
          null,
          null,
          null,
          null,
          1,
          null,
          4,
          2,
          1,
          null,
          1,
          null,
          null,
          2,
          null,
          null,
          9,
          null,
          8,
          4,
          4,
          9,
          null,
          null,
          4,
          null,
          null,
          null,
          1,
          4,
          null,
          null,
          null,
          1,
          0,
          null,
          null,
          1,
          7,
          null,
          null,
          null,
          1,
          6,
          6,
          null,
          3,
          3,
          null,
          3,
          6,
          3,
          null,
          3,
          null,
          null,
          null,
          null,
          null,
          1,
          26,
          26,
          null,
          26,
          null,
          6,
          null,
          5,
          2,
          null,
          3,
          null,
          null,
          null,
          null,
          null,
          null
        ]
      },
      "/app/lib/piggly/tags.rb": {
        "lines": [
          1,
          null,
          null,
          null,
          null,
          null,
          null,
          null,
          null,
          null,
          1,
          null,
          1,
          1,
          null,
          1,
          null,
          1,
          80,
          null,
          null,
          1,
          null,
          null,
          1,
          31,
          31,
          null,
          null,
          null,
          1,
          1,
          null,
          1,
          37,
          37,
          null,
          null,
          1,
          2,
          null,
          null,
          1,
          7,
          null,
          null,
          1,
          2,
          null,
          null,
          1,
          8,
          null,
          null,
          1,
          3,
          null,
          null,
          1,
          2,
          null,
          null,
          null,
          1,
          38,
          null,
          null,
          1,
          2,
          null,
          null,
          null,
          null,
          null,
          null,
          1,
          null,
          null,
          null,
          null,
          null,
          1,
          null,
          1,
          1,
          null,
          null,
          null,
          null,
          null,
          null,
          null,
          1,
          1,
          null,
          1,
          15,
          15,
          null,
          null,
          1,
          1,
          null,
          null,
          1,
          9,
          4,
          3,
          null,
          null,
          null,
          1,
          4,
          null,
          null,
          1,
          6,
          null,
          null,
          1,
          4,
          null,
          null,
          1,
          4,
          1,
          3,
          1,
          2,
          1,
          null,
          1,
          null,
          null,
          null,
          1,
          16,
          16,
          null,
          null,
          1,
          2,
          null,
          null,
          null,
          null,
          null,
          null,
          null,
          1,
          1,
          null,
          2,
          null,
          null,
          null,
          null,
          null,
          null,
          null,
          null,
          null,
          null,
          null,
          null,
          null,
          1,
          null,
          1,
          28,
          28,
          null,
          null,
          1,
          1,
          null,
          null,
          1,
          0,
          null,
          null,
          1,
          null,
          null,
          null,
          null,
          null,
          null,
          null,
          null,
          null,
          25,
          null,
          null,
          1,
          2,
          null,
          null,
          1,
          2,
          null,
          null,
          null,
          1,
          135,
          null,
          null,
          1,
          29,
          29,
          29,
          29,
          29,
          null,
          null,
          1,
          0,
          null,
          null,
          null,
          null,
          null,
          null,
          null,
          null,
          null,
          null,
          1,
          1,
          28,
          null,
          null,
          13,
          null,
          null,
          15,
          6,
          5,
          4,
          null,
          15,
          null,
          null,
          null,
          null,
          15,
          null,
          null,
          null,
          null,
          null,
          null,
          null,
          1,
          1,
          0,
          null,
          null,
          null,
          1,
          62,
          null,
          null,
          24,
          null,
          null,
          14,
          null,
          null,
          24,
          8,
          8,
          8,
          null,
          24,
          null,
          null,
          null,
          null,
          null,
          null
        ]
      },
      "/app/lib/piggly/util/enumerable.rb": {
        "lines": [
          1,
          1,
          1,
          null,
          null,
          1,
          10,
          39,
          null,
          1,
          null,
          null,
          null,
          null,
          1,
          15,
          15,
          null,
          13,
          null,
          13,
          15,
          null,
          8,
          null,
          null,
          null,
          null,
          16,
          15,
          27,
          27,
          null,
          null,
          null,
          1,
          8,
          18,
          null,
          null,
          null,
          null,
          null,
          null
        ]
      },
      "/app/lib/piggly/util/process_queue.rb": {
        "lines": [
          1,
          1,
          null,
          null,
          null,
          null,
          1,
          null,
          1,
          0,
          null,
          null,
          1,
          0,
          null,
          null,
          1,
          0,
          null,
          null,
          1,
          0,
          null,
          null,
          1,
          0,
          null,
          null,
          1,
          0,
          null,
          null,
          1,
          null,
          1,
          null,
          null,
          null,
          0,
          0,
          0,
          null,
          0,
          null,
          null,
          0,
          0,
          null,
          0,
          null,
          null,
          null,
          1,
          null,
          1,
          0,
          null,
          0,
          0,
          null,
          null,
          null,
          1,
          0,
          0,
          null,
          null,
          0,
          null,
          0,
          0,
          0,
          0,
          null,
          null,
          null,
          0,
          null,
          0,
          0,
          null,
          0,
          0,
          0,
          null,
          null,
          null,
          0,
          null,
          null,
          0,
          null,
          null,
          null,
          null,
          null
        ]
      },
      "/app/lib/piggly/util/thunk.rb": {
        "lines": [
          1,
          1,
          null,
          null,
          null,
          null,
          null,
          null,
          1,
          1,
          14,
          null,
          null,
          1,
          38,
          12,
          10,
          null,
          null,
          36,
          null,
          null,
          1,
          3,
          null,
          null,
          1,
          31,
          null,
          null,
          null,
          null
        ]
      },
      "/app/lib/piggly/compiler/trace_compiler.rb": {
        "lines": [
          1,
          1,
          null,
          null,
          null,
          null,
          1,
          1,
          null,
          1,
          4,
          null,
          null,
          null,
          1,
          4,
          null,
          null,
          null,
          null,
          1,
          4,
          null,
          4,
          null,
          4,
          4,
          4,
          null,
          4,
          4,
          null,
          4,
          null,
          0,
          null,
          null,
          null,
          null,
          null,
          null,
          null,
          null,
          null,
          null,
          null,
          4,
          null,
          null,
          1,
          null,
          null,
          null,
          null,
          1,
          306,
          219,
          null,
          87,
          null,
          null,
          7,
          7,
          null,
          7,
          null,
          7,
          7,
          null,
          null,
          87,
          24,
          0,
          0,
          null,
          null,
          null,
          0,
          0,
          null,
          0,
          null,
          0,
          0,
          null,
          null,
          null,
          0,
          24,
          null,
          null,
          null,
          null,
          null,
          24,
          24,
          null,
          null,
          null,
          null,
          382,
          null,
          null,
          null,
          null,
          1,
          null,
          null,
          1,
          4,
          null,
          null,
          null,
          null,
          null,
          null,
          null
        ]
      },
      "/app/lib/piggly/compiler/cache_dir.rb": {
        "lines": [
          null,
          null,
          1,
          1,
          null,
          null,
          null,
          null,
          null,
          null,
          null,
          null,
          null,
          null,
          null,
          null,
          null,
          null,
          null,
          1,
          null,
          1,
          null,
          1,
          4,
          4,
          0,
          0,
          0,
          null,
          0,
          0,
          0,
          null,
          0,
          0,
          null,
          null,
          null,
          null,
          null,
          null,
          null,
          null,
          1,
          8,
          null,
          null,
          null,
          null,
          1,
          12,
          12,
          null,
          null,
          null,
          null,
          1,
          16,
          4,
          null,
          null,
          null,
          1,
          0,
          0,
          0,
          null,
          null,
          null,
          1,
          0,
          null,
          null,
          null,
          null,
          1,
          4,
          null,
          4,
          0,
          0,
          null,
          4,
          null,
          null,
          4,
          null,
          null,
          null,
          null,
          1,
          4,
          4,
          null,
          null,
          1,
          null,
          null,
          null,
          1,
          12,
          12,
          null,
          12,
          12,
          null,
          12,
          4,
          null,
          8,
          null,
          null,
          null,
          null,
          null,
          null,
          null,
          null
        ]
      },
      "/app/lib/piggly/command.rb": {
        "lines": [
          1,
          1,
          1,
          1,
          1,
          1,
          null,
          null
        ]
      },
      "/app/lib/piggly/command/trace.rb": {
        "lines": [
          1,
          1,
          null,
          null,
          null,
          null,
          null,
          1,
          null,
          null,
          1,
          1,
          0,
          0,
          0,
          null,
          0,
          null,
          0,
          null,
          0,
          0,
          0,
          null,
          0,
          null,
          0,
          0,
          0,
          null,
          null,
          0,
          0,
          null,
          null,
          null,
          null,
          1,
          0,
          null,
          null,
          null,
          null,
          1,
          0,
          null,
          0,
          0,
          0,
          null,
          null,
          0,
          0,
          null,
          null,
          1,
          0,
          0,
          null,
          null,
          null,
          null,
          1,
          7,
          7,
          7,
          7,
          7,
          7,
          7,
          7,
          7,
          7,
          null,
          null,
          null,
          7,
          7,
          null,
          null,
          null,
          0,
          0,
          0,
          0,
          null,
          null,
          null,
          null,
          null
        ]
      },
      "/app/lib/piggly/command/base.rb": {
        "lines": [
          1,
          1,
          null,
          1,
          null,
          null,
          1,
          null,
          1,
          0,
          null,
          0,
          0,
          null,
          0,
          null,
          null,
          null,
          null,
          1,
          0,
          0,
          null,
          0,
          0,
          0,
          0,
          null,
          null,
          null,
          null,
          1,
          0,
          0,
          null,
          0,
          null,
          null,
          null,
          null,
          null,
          0,
          null,
          null,
          null,
          0,
          0,
          0,
          null,
          0,
          0,
          null,
          null,
          0,
          null,
          null,
          0,
          null,
          null,
          null,
          null,
          null,
          null,
          null,
          null,
          null,
          1,
          7,
          0,
          null,
          7,
          null,
          null,
          7,
          4,
          3,
          null,
          null,
          7,
          13,
          7,
          6,
          null,
          null,
          null,
          null,
          null,
          1,
          0,
          null,
          null,
          1,
          7,
          null,
          null,
          1,
          7,
          null,
          null,
          1,
          0,
          null,
          null,
          1,
          7,
          null,
          null,
          1,
          7,
          null,
          null,
          1,
          7,
          null,
          null,
          1,
          7,
          null,
          null,
          1,
          7,
          null,
          7,
          10,
          null,
          25,
          null,
          null,
          7,
          null,
          null,
          null,
          1,
          7,
          null,
          6,
          5,
          null,
          21,
          null,
          null,
          6,
          null,
          null,
          null,
          null,
          null,
          null
        ]
      }
    },
    "timestamp": 1774851950
  }
}
